c:\users\kiall\documents\thirdyearlearning\graphicssimulation\x64\debug\vc143.pdb
c:\users\kiall\documents\thirdyearlearning\graphicssimulation\x64\debug\vc143.idb
c:\users\kiall\documents\thirdyearlearning\graphicssimulation\x64\debug\intersectiontests.obj
c:\users\kiall\documents\thirdyearlearning\graphicssimulation\x64\debug\texturehandler.obj
c:\users\kiall\documents\thirdyearlearning\graphicssimulation\x64\debug\vector3d.obj
c:\users\kiall\documents\thirdyearlearning\graphicssimulation\x64\debug\shader.obj
c:\users\kiall\documents\thirdyearlearning\graphicssimulation\x64\debug\octree.obj
c:\users\kiall\documents\thirdyearlearning\graphicssimulation\x64\debug\objloader.obj
c:\users\kiall\documents\thirdyearlearning\graphicssimulation\x64\debug\main.obj
c:\users\kiall\documents\thirdyearlearning\graphicssimulation\x64\debug\imageloading.obj
c:\users\kiall\documents\thirdyearlearning\graphicssimulation\x64\debug\box.obj
c:\users\kiall\documents\thirdyearlearning\graphicssimulation\x64\debug\threedmodel.obj
c:\users\kiall\documents\thirdyearlearning\graphicssimulation\x64\debug\spacesimulation.ilk
c:\users\kiall\documents\thirdyearlearning\graphicssimulation\x64\debug\spacesimulation.exe
c:\users\kiall\documents\thirdyearlearning\graphicssimulation\x64\debug\spacesimulation.pdb
c:\users\kiall\documents\thirdyearlearning\graphicssimulation\x64\debug\spacesimulation.tlog\cl.command.1.tlog
c:\users\kiall\documents\thirdyearlearning\graphicssimulation\x64\debug\spacesimulation.tlog\cl.read.1.tlog
c:\users\kiall\documents\thirdyearlearning\graphicssimulation\x64\debug\spacesimulation.tlog\cl.write.1.tlog
c:\users\kiall\documents\thirdyearlearning\graphicssimulation\x64\debug\spacesimulation.tlog\link.command.1.tlog
c:\users\kiall\documents\thirdyearlearning\graphicssimulation\x64\debug\spacesimulation.tlog\link.read.1.tlog
c:\users\kiall\documents\thirdyearlearning\graphicssimulation\x64\debug\spacesimulation.tlog\link.write.1.tlog
